<?xml version="1.0" encoding="UTF-8"?>
<testsuite name="TestSuite" time="15.849" tests="8" errors="0" skipped="7" failures="1">
  <properties>
    <property name="java.runtime.name" value="Java(TM) SE Runtime Environment"/>
    <property name="sun.boot.library.path" value="C:\Program Files\Java\jdk1.8.0_05\jre\bin"/>
    <property name="java.vm.version" value="25.5-b02"/>
    <property name="java.vm.vendor" value="Oracle Corporation"/>
    <property name="java.vendor.url" value="http://java.oracle.com/"/>
    <property name="path.separator" value=";"/>
    <property name="guice.disable.misplaced.annotation.check" value="true"/>
    <property name="java.vm.name" value="Java HotSpot(TM) 64-Bit Server VM"/>
    <property name="file.encoding.pkg" value="sun.io"/>
    <property name="user.script" value=""/>
    <property name="user.country" value="GB"/>
    <property name="sun.java.launcher" value="SUN_STANDARD"/>
    <property name="sun.os.patch.level" value="Service Pack 1"/>
    <property name="java.vm.specification.name" value="Java Virtual Machine Specification"/>
    <property name="user.dir" value="C:\Users\fennymon\Music\fittedhomealarms\FittedHomeAlarms_SeleniumWebDriver"/>
    <property name="java.runtime.version" value="1.8.0_05-b13"/>
    <property name="java.awt.graphicsenv" value="sun.awt.Win32GraphicsEnvironment"/>
    <property name="java.endorsed.dirs" value="C:\Program Files\Java\jdk1.8.0_05\jre\lib\endorsed"/>
    <property name="os.arch" value="amd64"/>
    <property name="java.io.tmpdir" value="C:\Users\fennymon\AppData\Local\Temp\"/>
    <property name="line.separator" value="&#10;"/>
    <property name="java.vm.specification.vendor" value="Oracle Corporation"/>
    <property name="user.variant" value=""/>
    <property name="os.name" value="Windows 7"/>
    <property name="classworlds.conf" value="C:\Users\fennymon\Music\fittedhomealarms\.metadata\.plugins\org.eclipse.m2e.launching\launches\m2conf25746467725283524.tmp"/>
    <property name="sun.jnu.encoding" value="Cp1252"/>
    <property name="java.library.path" value="C:\Program Files\Java\jdk1.8.0_05\bin;C:\Windows\Sun\Java\bin;C:\Windows\system32;C:\Windows;C:/Program Files/Java/jdk1.8.0_05/bin/../jre/bin/server;C:/Program Files/Java/jdk1.8.0_05/bin/../jre/bin;C:/Program Files/Java/jdk1.8.0_05/bin/../jre/lib/amd64;C:\app\fennymon\product\12.1.0\dbhome_1\bin;C:\oraclexe\app\oracle\product\11.2.0\server\bin;C:\Windows\system32;C:\Windows;C:\Windows\System32\Wbem;C:\Program Files (x86)\Common Files\Roxio Shared\OEM\DLLShared\;C:\Program Files (x86)\Common Files\Roxio Shared\OEM\DLLShared\;C:\Program Files (x86)\Common Files\Roxio Shared\OEM\12.0\DLLShared\;C:\Program Files (x86)\Roxio\OEM\AudioCore\;C:\Program Files (x86)\Microsoft SQL Server\100\Tools\Binn\;c:\Program Files\Microsoft SQL Server\100\Tools\Binn\;c:\Program Files\Microsoft SQL Server\100\DTS\Binn\;C:\Program Files\Windows Fabric\bin\Fabric\Fabric.Code.1.0;C:\Windows\System32\WindowsPowerShell\v1.0\;C:\Program Files\Microsoft\Web Platform Installer\;C:\Program Files (x86)\Microsoft SQL Server\100\Tools\Binn\VSShell\Common7\IDE\;C:\Program Files (x86)\Microsoft Visual Studio 9.0\Common7\IDE\PrivateAssemblies\;C:\Program Files (x86)\Microsoft SQL Server\100\DTS\Binn\;C:\Windows\System32\WindowsPowerShell\v1.0\;C:\Users\fennymon\Downloads\apache-maven-3.2.3-bin\apache-maven-3.2.3\bin;C:\Program Files (x86)\MySQL\MySQL Utilities 1.3.4\;C:\Program Files\SlikSvn\bin;C:\Program Files\TortoiseSVN\bin;C:\Program Files\Java\jre8\bin;C:\Users\fennymon\Downloads\apache-ant-1.9.4-bin\apache-ant-1.9.4\bin;C:\Program Files\Java\jdk1.8.0_05\bin;C:\Users\fennymon\Downloads\eclipse-jee-luna-SR1-win32-x86_64\eclipse;;."/>
    <property name="java.specification.name" value="Java Platform API Specification"/>
    <property name="java.class.version" value="52.0"/>
    <property name="sun.management.compiler" value="HotSpot 64-Bit Tiered Compilers"/>
    <property name="os.version" value="6.1"/>
    <property name="user.home" value="C:\Users\fennymon"/>
    <property name="user.timezone" value="Europe/London"/>
    <property name="java.awt.printerjob" value="sun.awt.windows.WPrinterJob"/>
    <property name="java.specification.version" value="1.8"/>
    <property name="file.encoding" value="Cp1252"/>
    <property name="user.name" value="fennymon"/>
    <property name="java.class.path" value="/C:/Users/fennymon/Downloads/eclipse-jee-luna-SR1-win32-x86_64/eclipse/plugins/org.eclipse.m2e.maven.runtime_1.5.0.20140605-2032/jars/plexus-classworlds-2.5.1.jar"/>
    <property name="org.slf4j.simpleLogger.defaultLogLevel" value="info"/>
    <property name="java.vm.specification.version" value="1.8"/>
    <property name="sun.arch.data.model" value="64"/>
    <property name="java.home" value="C:\Program Files\Java\jdk1.8.0_05\jre"/>
    <property name="sun.java.command" value="org.codehaus.plexus.classworlds.launcher.Launcher -B test"/>
    <property name="java.specification.vendor" value="Oracle Corporation"/>
    <property name="user.language" value="en"/>
    <property name="awt.toolkit" value="sun.awt.windows.WToolkit"/>
    <property name="java.vm.info" value="mixed mode"/>
    <property name="java.version" value="1.8.0_05"/>
    <property name="java.ext.dirs" value="C:\Program Files\Java\jdk1.8.0_05\jre\lib\ext;C:\Windows\Sun\Java\lib\ext"/>
    <property name="sun.boot.class.path" value="C:\Program Files\Java\jdk1.8.0_05\jre\lib\resources.jar;C:\Program Files\Java\jdk1.8.0_05\jre\lib\rt.jar;C:\Program Files\Java\jdk1.8.0_05\jre\lib\sunrsasign.jar;C:\Program Files\Java\jdk1.8.0_05\jre\lib\jsse.jar;C:\Program Files\Java\jdk1.8.0_05\jre\lib\jce.jar;C:\Program Files\Java\jdk1.8.0_05\jre\lib\charsets.jar;C:\Program Files\Java\jdk1.8.0_05\jre\lib\jfr.jar;C:\Program Files\Java\jdk1.8.0_05\jre\classes"/>
    <property name="java.vendor" value="Oracle Corporation"/>
    <property name="maven.home" value="C:\Users\fennymon\Music\fittedhomealarms\FittedHomeAlarms_SeleniumWebDriver\EMBEDDED"/>
    <property name="file.separator" value="\"/>
    <property name="java.vendor.url.bug" value="http://bugreport.sun.com/bugreport/"/>
    <property name="sun.cpu.endian" value="little"/>
    <property name="sun.io.unicode.encoding" value="UnicodeLittle"/>
    <property name="sun.desktop" value="windows"/>
    <property name="sun.cpu.isalist" value="amd64"/>
  </properties>
  <testcase name="Home_TopMenu" classname="com.FittedHomeAlarms.CheckingLinks.Home_TopMenu" time="0">
    <skipped/>
    <system-out><![CDATA[Starting suite CheckingLinks
SKIPPING: (Home_TopMenu) inside the Suite: (CheckingLinks) , [ SuiteRunmode:true | TestCaseRunmode:false | DataSetRunmode:true ]
]]></system-out>
  </testcase>
  <testcase name="Home_TopMenu" classname="com.FittedHomeAlarms.CheckingLinks.Home_TopMenu" time="0">
    <skipped/>
    <system-out><![CDATA[		Quiting Driver
SKIPPING: (Home_TopMenu) inside the Suite: (CheckingLinks) , [ SuiteRunmode:true | TestCaseRunmode:false | DataSetRunmode:false ]
]]></system-out>
  </testcase>
  <testcase name="Home_TopMenu" classname="com.FittedHomeAlarms.CheckingLinks.Home_TopMenu" time="0">
    <skipped/>
    <system-out><![CDATA[		Quiting Driver
SKIPPING: (Home_TopMenu) inside the Suite: (CheckingLinks) , [ SuiteRunmode:true | TestCaseRunmode:false | DataSetRunmode:false ]
]]></system-out>
  </testcase>
  <testcase name="Home_TopMenu" classname="com.FittedHomeAlarms.CheckingLinks.Home_TopMenu" time="0">
    <skipped/>
    <system-out><![CDATA[		Quiting Driver
SKIPPING: (Home_TopMenu) inside the Suite: (CheckingLinks) , [ SuiteRunmode:true | TestCaseRunmode:false | DataSetRunmode:false ]
]]></system-out>
  </testcase>
  <testcase name="Home_TopMenu" classname="com.FittedHomeAlarms.CheckingLinks.Home_TopMenu" time="0">
    <skipped/>
    <system-out><![CDATA[		Quiting Driver
SKIPPING: (Home_TopMenu) inside the Suite: (CheckingLinks) , [ SuiteRunmode:true | TestCaseRunmode:false | DataSetRunmode:false ]
]]></system-out>
  </testcase>
  <testcase name="Home_TopMenu" classname="com.FittedHomeAlarms.CheckingLinks.Home_TopMenu" time="0">
    <skipped/>
    <system-out><![CDATA[		Quiting Driver
SKIPPING: (Home_TopMenu) inside the Suite: (CheckingLinks) , [ SuiteRunmode:true | TestCaseRunmode:false | DataSetRunmode:false ]
]]></system-out>
  </testcase>
  <testcase name="Home_BottomMenu" classname="com.FittedHomeAlarms.CheckingLinks.Home_BottomMenu" time="0">
    <skipped/>
    <system-out><![CDATA[		Quiting Driver
SKIPPING: (Home_BottomMenu) inside the Suite: (CheckingLinks) , [ SuiteRunmode:true | TestCaseRunmode:false | DataSetRunmode:true ]
]]></system-out>
  </testcase>
  <testcase name="Home_HomeAlarms" classname="com.FittedHomeAlarms.CheckingLinks.Home_HomeAlarms" time="15.849">
    <failure message="Unable to locate element: {&quot;method&quot;:&quot;xpath&quot;,&quot;selector&quot;:&quot;//div[@class=&apos;more_prod_div&apos;]&quot;}&#10;For documentation on this error, please visit: http://seleniumhq.org/exceptions/no_such_element.html&#10;Build info: version: &apos;2.44.0&apos;, revision: &apos;76d78cf&apos;, time: &apos;2014-10-23 20:02:37&apos;&#10;System info: host: &apos;dream-pc&apos;, ip: &apos;192.168.238.1&apos;, os.name: &apos;Windows 7&apos;, os.arch: &apos;amd64&apos;, os.version: &apos;6.1&apos;, java.version: &apos;1.8.0_05&apos;&#10;Driver info: driver.version: unknown&#10;Command duration or timeout: 4.09 seconds&#10;For documentation on this error, please visit: http://seleniumhq.org/exceptions/no_such_element.html&#10;Build info: version: &apos;2.44.0&apos;, revision: &apos;76d78cf323ce037c5f92db6c1bba601c2ac43ad8&apos;, time: &apos;2014-10-23 13:11:40&apos;&#10;System info: host: &apos;dream-pc&apos;, ip: &apos;192.168.238.1&apos;, os.name: &apos;Windows 7&apos;, os.arch: &apos;amd64&apos;, os.version: &apos;6.1&apos;, java.version: &apos;1.8.0_05&apos;&#10;Driver info: org.openqa.selenium.remote.RemoteWebDriver&#10;Capabilities [{applicationCacheEnabled=true, rotatable=false, handlesAlerts=true, databaseEnabled=true, version=34.0, platform=WINDOWS, nativeEvents=false, acceptSslCerts=true, webdriver.remote.sessionid=7b2c32f3-2e27-4c3d-adbb-d4176650615d, webStorageEnabled=true, locationContextEnabled=true, browserName=firefox, takesScreenshot=true, javascriptEnabled=true, cssSelectorsEnabled=true}]&#10;Session ID: 7b2c32f3-2e27-4c3d-adbb-d4176650615d" type="org.openqa.selenium.NoSuchElementException"><![CDATA[org.openqa.selenium.NoSuchElementException: Unable to locate element: {"method":"xpath","selector":"//div[@class='more_prod_div']"}
For documentation on this error, please visit: http://seleniumhq.org/exceptions/no_such_element.html
Build info: version: '2.44.0', revision: '76d78cf', time: '2014-10-23 20:02:37'
System info: host: 'dream-pc', ip: '192.168.238.1', os.name: 'Windows 7', os.arch: 'amd64', os.version: '6.1', java.version: '1.8.0_05'
Driver info: driver.version: unknown
Command duration or timeout: 4.09 seconds
For documentation on this error, please visit: http://seleniumhq.org/exceptions/no_such_element.html
Build info: version: '2.44.0', revision: '76d78cf323ce037c5f92db6c1bba601c2ac43ad8', time: '2014-10-23 13:11:40'
System info: host: 'dream-pc', ip: '192.168.238.1', os.name: 'Windows 7', os.arch: 'amd64', os.version: '6.1', java.version: '1.8.0_05'
Driver info: org.openqa.selenium.remote.RemoteWebDriver
Capabilities [{applicationCacheEnabled=true, rotatable=false, handlesAlerts=true, databaseEnabled=true, version=34.0, platform=WINDOWS, nativeEvents=false, acceptSslCerts=true, webdriver.remote.sessionid=7b2c32f3-2e27-4c3d-adbb-d4176650615d, webStorageEnabled=true, locationContextEnabled=true, browserName=firefox, takesScreenshot=true, javascriptEnabled=true, cssSelectorsEnabled=true}]
Session ID: 7b2c32f3-2e27-4c3d-adbb-d4176650615d
	at org.openqa.selenium.remote.ErrorHandler.throwIfResponseFailed(ErrorHandler.java:136)
	at org.openqa.selenium.remote.RemoteWebDriver.execute(RemoteWebDriver.java:599)
	at org.openqa.selenium.remote.RemoteWebDriver.findElement(RemoteWebDriver.java:352)
	at org.openqa.selenium.remote.RemoteWebDriver.findElementByXPath(RemoteWebDriver.java:449)
	at org.openqa.selenium.By$ByXPath.findElement(By.java:357)
	at org.openqa.selenium.remote.RemoteWebDriver.findElement(RemoteWebDriver.java:344)
	at com.FittedHomeAlarms.TestBase.listall_homealarms(TestBase.java:315)
	at com.FittedHomeAlarms.CheckingLinks.Home_HomeAlarms.Home_HomeAlarms(Home_HomeAlarms.java:32)
Caused by: org.openqa.selenium.NoSuchElementException: Unable to locate element: {"method":"xpath","selector":"//div[@class='more_prod_div']"}
For documentation on this error, please visit: http://seleniumhq.org/exceptions/no_such_element.html
Build info: version: '2.44.0', revision: '76d78cf', time: '2014-10-23 20:02:37'
System info: host: 'dream-pc', ip: '192.168.238.1', os.name: 'Windows 7', os.arch: 'amd64', os.version: '6.1', java.version: '1.8.0_05'
Driver info: driver.version: unknown
For documentation on this error, please visit: http://seleniumhq.org/exceptions/no_such_element.html
Build info: version: '2.44.0', revision: '76d78cf323ce037c5f92db6c1bba601c2ac43ad8', time: '2014-10-23 13:11:40'
System info: host: 'dream-pc', ip: '192.168.238.1', os.name: 'Windows 7', os.arch: 'amd64', os.version: '6.1', java.version: '1.8.0_05'
Driver info: driver.version: unknown
	at <anonymous class>.FirefoxDriver.prototype.findElementInternal_(file:///C:/Users/fennymon/AppData/Local/Temp/anonymous5460172299352468556webdriver-profile/extensions/fxdriver@googlecode.com/components/driver-component.js:9641:26)
	at <anonymous class>.FirefoxDriver.prototype.findElement(file:///C:/Users/fennymon/AppData/Local/Temp/anonymous5460172299352468556webdriver-profile/extensions/fxdriver@googlecode.com/components/driver-component.js:9650:3)
	at <anonymous class>.DelayedCommand.prototype.executeInternal_/h(file:///C:/Users/fennymon/AppData/Local/Temp/anonymous5460172299352468556webdriver-profile/extensions/fxdriver@googlecode.com/components/command-processor.js:11635:16)
	at <anonymous class>.DelayedCommand.prototype.executeInternal_(file:///C:/Users/fennymon/AppData/Local/Temp/anonymous5460172299352468556webdriver-profile/extensions/fxdriver@googlecode.com/components/command-processor.js:11640:7)
	at <anonymous class>.DelayedCommand.prototype.execute/<(file:///C:/Users/fennymon/AppData/Local/Temp/anonymous5460172299352468556webdriver-profile/extensions/fxdriver@googlecode.com/components/command-processor.js:11582:5)
]]></failure>
    <system-out><![CDATA[		Quiting Driver
EXECUTING: (Home_HomeAlarms) inside the Suite (CheckingLinks) , [ SuiteRunmode:true | TestCaseRunmode:true | DataSetRunmode:true ]
		Opening windowsMozilla
		Navigating testSiteURL=http://www.fittedhomealarms.co.uk/
		Checking iselement present //ul[@id='nav']/li[4]/a=null
		Clicking //ul[@id='nav']/li[4]/a=null
]]></system-out>
    <system-err><![CDATA[log4j:WARN No appenders could be found for logger (org.apache.http.client.protocol.RequestAddCookies).
log4j:WARN Please initialize the log4j system properly.
]]></system-err>
  </testcase>
</testsuite>