<?xml version="1.0" encoding="UTF-8"?>
<!-- Generated by org.testng.reporters.JUnitReportReporter -->
<testsuite hostname="dream-pc" name="roughwork.WebDriverTemplateM12_Test04_YahooCSS" tests="1" failures="1" timestamp="21 Jan 2015 23:39:52 GMT" time="9.982" errors="0">
  <testcase name="testyahoo" time="9.982" classname="roughwork.WebDriverTemplateM12_Test04_YahooCSS">
    <failure type="org.openqa.selenium.InvalidSelectorException" message="The given selector [[[[FirefoxDriver: firefox on WINDOWS (71f1c836-5dfd-4bd5-bcaa-d370faae94ef)] -&gt; xpath: //*[@id=&#039;nav&#039;]/li[4]/ul/li[1]]] -&gt; tag name: a] is either invalid or does not result in a WebElement. The following error occurred:
InvalidSelectorError: Unable to locate an element with the xpath expression [[[[FirefoxDriver: firefox on WINDOWS (71f1c836-5dfd-4bd5-bcaa-d370faae94ef)] -&gt; xpath: //*[@id=&#039;nav&#039;]/li[4]/ul/li[1]]] -&gt; tag name: a] because of the following error:
SyntaxError: The expression is not a legal expression.
Command duration or timeout: 530 milliseconds
For documentation on this error, please visit: http://seleniumhq.org/exceptions/invalid_selector_exception.html
Build info: version: &#039;2.44.0&#039;, revision: &#039;76d78cf323ce037c5f92db6c1bba601c2ac43ad8&#039;, time: &#039;2014-10-23 13:11:40&#039;
System info: host: &#039;dream-pc&#039;, ip: &#039;192.168.238.1&#039;, os.name: &#039;Windows 7&#039;, os.arch: &#039;amd64&#039;, os.version: &#039;6.1&#039;, java.version: &#039;1.8.0_05&#039;
Driver info: org.openqa.selenium.firefox.FirefoxDriver
Capabilities [{applicationCacheEnabled=true, rotatable=false, handlesAlerts=true, databaseEnabled=true, version=34.0, platform=WINDOWS, nativeEvents=false, acceptSslCerts=true, webStorageEnabled=true, locationContextEnabled=true, browserName=firefox, takesScreenshot=true, javascriptEnabled=true, cssSelectorsEnabled=true}]
Session ID: 71f1c836-5dfd-4bd5-bcaa-d370faae94ef">
      <![CDATA[org.openqa.selenium.InvalidSelectorException: The given selector [[[[FirefoxDriver: firefox on WINDOWS (71f1c836-5dfd-4bd5-bcaa-d370faae94ef)] -> xpath: //*[@id='nav']/li[4]/ul/li[1]]] -> tag name: a] is either invalid or does not result in a WebElement. The following error occurred:
InvalidSelectorError: Unable to locate an element with the xpath expression [[[[FirefoxDriver: firefox on WINDOWS (71f1c836-5dfd-4bd5-bcaa-d370faae94ef)] -> xpath: //*[@id='nav']/li[4]/ul/li[1]]] -> tag name: a] because of the following error:
SyntaxError: The expression is not a legal expression.
Command duration or timeout: 530 milliseconds
For documentation on this error, please visit: http://seleniumhq.org/exceptions/invalid_selector_exception.html
Build info: version: '2.44.0', revision: '76d78cf323ce037c5f92db6c1bba601c2ac43ad8', time: '2014-10-23 13:11:40'
System info: host: 'dream-pc', ip: '192.168.238.1', os.name: 'Windows 7', os.arch: 'amd64', os.version: '6.1', java.version: '1.8.0_05'
Driver info: org.openqa.selenium.firefox.FirefoxDriver
Capabilities [{applicationCacheEnabled=true, rotatable=false, handlesAlerts=true, databaseEnabled=true, version=34.0, platform=WINDOWS, nativeEvents=false, acceptSslCerts=true, webStorageEnabled=true, locationContextEnabled=true, browserName=firefox, takesScreenshot=true, javascriptEnabled=true, cssSelectorsEnabled=true}]
Session ID: 71f1c836-5dfd-4bd5-bcaa-d370faae94ef
	at sun.reflect.NativeConstructorAccessorImpl.newInstance0(Native Method)
	at sun.reflect.NativeConstructorAccessorImpl.newInstance(NativeConstructorAccessorImpl.java:62)
	at sun.reflect.DelegatingConstructorAccessorImpl.newInstance(DelegatingConstructorAccessorImpl.java:45)
	at java.lang.reflect.Constructor.newInstance(Constructor.java:408)
	at org.openqa.selenium.remote.ErrorHandler.createThrowable(ErrorHandler.java:204)
	at org.openqa.selenium.remote.ErrorHandler.throwIfResponseFailed(ErrorHandler.java:156)
	at org.openqa.selenium.remote.RemoteWebDriver.execute(RemoteWebDriver.java:599)
	at org.openqa.selenium.remote.RemoteWebDriver.findElement(RemoteWebDriver.java:352)
	at org.openqa.selenium.remote.RemoteWebDriver.findElementByXPath(RemoteWebDriver.java:449)
	at org.openqa.selenium.By$ByXPath.findElement(By.java:357)
	at org.openqa.selenium.remote.RemoteWebDriver.findElement(RemoteWebDriver.java:344)
	at roughwork.WebDriverTemplateM12_Test04_YahooCSS.testyahoo(WebDriverTemplateM12_Test04_YahooCSS.java:73)
	at sun.reflect.NativeMethodAccessorImpl.invoke0(Native Method)
	at sun.reflect.NativeMethodAccessorImpl.invoke(NativeMethodAccessorImpl.java:62)
	at sun.reflect.DelegatingMethodAccessorImpl.invoke(DelegatingMethodAccessorImpl.java:43)
	at java.lang.reflect.Method.invoke(Method.java:483)
	at org.testng.internal.MethodInvocationHelper.invokeMethod(MethodInvocationHelper.java:84)
	at org.testng.internal.Invoker.invokeMethod(Invoker.java:714)
	at org.testng.internal.Invoker.invokeTestMethod(Invoker.java:901)
	at org.testng.internal.Invoker.invokeTestMethods(Invoker.java:1231)
	at org.testng.internal.TestMethodWorker.invokeTestMethods(TestMethodWorker.java:127)
	at org.testng.internal.TestMethodWorker.run(TestMethodWorker.java:111)
	at org.testng.TestRunner.privateRun(TestRunner.java:767)
	at org.testng.TestRunner.run(TestRunner.java:617)
	at org.testng.SuiteRunner.runTest(SuiteRunner.java:334)
	at org.testng.SuiteRunner.runSequentially(SuiteRunner.java:329)
	at org.testng.SuiteRunner.privateRun(SuiteRunner.java:291)
	at org.testng.SuiteRunner.run(SuiteRunner.java:240)
	at org.testng.SuiteRunnerWorker.runSuite(SuiteRunnerWorker.java:52)
	at org.testng.SuiteRunnerWorker.run(SuiteRunnerWorker.java:86)
	at org.testng.TestNG.runSuitesSequentially(TestNG.java:1224)
	at org.testng.TestNG.runSuitesLocally(TestNG.java:1149)
	at org.testng.TestNG.run(TestNG.java:1057)
	at org.testng.remote.RemoteTestNG.run(RemoteTestNG.java:111)
	at org.testng.remote.RemoteTestNG.initAndRun(RemoteTestNG.java:204)
	at org.testng.remote.RemoteTestNG.main(RemoteTestNG.java:175)
Caused by: org.openqa.selenium.InvalidSelectorException: The given selector [[[[FirefoxDriver: firefox on WINDOWS (71f1c836-5dfd-4bd5-bcaa-d370faae94ef)] -> xpath: //*[@id='nav']/li[4]/ul/li[1]]] -> tag name: a] is either invalid or does not result in a WebElement. The following error occurred:
InvalidSelectorError: Unable to locate an element with the xpath expression [[[[FirefoxDriver: firefox on WINDOWS (71f1c836-5dfd-4bd5-bcaa-d370faae94ef)] -> xpath: //*[@id='nav']/li[4]/ul/li[1]]] -> tag name: a] because of the following error:
SyntaxError: The expression is not a legal expression.
For documentation on this error, please visit: http://seleniumhq.org/exceptions/invalid_selector_exception.html
Build info: version: '2.44.0', revision: '76d78cf323ce037c5f92db6c1bba601c2ac43ad8', time: '2014-10-23 13:11:40'
System info: host: 'dream-pc', ip: '192.168.238.1', os.name: 'Windows 7', os.arch: 'amd64', os.version: '6.1', java.version: '1.8.0_05'
Driver info: driver.version: unknown
	at <anonymous class>.FirefoxDriver.annotateInvalidSelectorError_(file:///C:/Users/fennymon/AppData/Local/Temp/anonymous1525502238533875925webdriver-profile/extensions/fxdriver@googlecode.com/components/driver-component.js:9615:1)
	at <anonymous class>.FirefoxDriver.prototype.findElementInternal_(file:///C:/Users/fennymon/AppData/Local/Temp/anonymous1525502238533875925webdriver-profile/extensions/fxdriver@googlecode.com/components/driver-component.js:9646:9)
	at <anonymous class>.FirefoxDriver.prototype.findElement(file:///C:/Users/fennymon/AppData/Local/Temp/anonymous1525502238533875925webdriver-profile/extensions/fxdriver@googlecode.com/components/driver-component.js:9650:3)
	at <anonymous class>.DelayedCommand.prototype.executeInternal_/h(file:///C:/Users/fennymon/AppData/Local/Temp/anonymous1525502238533875925webdriver-profile/extensions/fxdriver@googlecode.com/components/command-processor.js:11635:16)
	at <anonymous class>.DelayedCommand.prototype.executeInternal_(file:///C:/Users/fennymon/AppData/Local/Temp/anonymous1525502238533875925webdriver-profile/extensions/fxdriver@googlecode.com/components/command-processor.js:11640:7)
	at <anonymous class>.DelayedCommand.prototype.execute/<(file:///C:/Users/fennymon/AppData/Local/Temp/anonymous1525502238533875925webdriver-profile/extensions/fxdriver@googlecode.com/components/command-processor.js:11582:5)
]]>
    </failure>
  </testcase> <!-- testyahoo -->
</testsuite> <!-- roughwork.WebDriverTemplateM12_Test04_YahooCSS -->
